<?xml version="1.0" encoding="UTF-8"?>
<testng-results ignored="0" total="1" passed="1" failed="0" skipped="0">
  <reporter-output>
  </reporter-output>
  <suite started-at="2020-09-20T05:49:32Z" name="Default suite" finished-at="2020-09-20T05:49:52Z" duration-ms="20020">
    <groups>
    </groups>
    <test started-at="2020-09-20T05:49:32Z" name="Default test" finished-at="2020-09-20T05:49:52Z" duration-ms="20020">
      <class name="Day1.DemoJenkins">
        <test-method signature="startApp()[pri:0, instance:Day1.DemoJenkins@445b295b]" started-at="2020-09-20T05:49:32Z" name="startApp" finished-at="2020-09-20T05:49:52Z" duration-ms="19964" status="PASS">
          <reporter-output>
          </reporter-output>
        </test-method> <!-- startApp -->
      </class> <!-- Day1.DemoJenkins -->
    </test> <!-- Default test -->
  </suite> <!-- Default suite -->
</testng-results>
